<?xml version="1.0" encoding="UTF-8" ?>
<testsuite tests="5" failures="0" name="com.testrunner.TestRunner" time="0.003" errors="0" skipped="0">
  <properties>
[...]
</properties>
  <testcase classname="| tetingaccoun@gmail.com | Testing@123 |" name="Given User is on Home Page" time="0.003"/>
  <testcase classname="| tetingaccoun@gmail.com | Testing@123 |" name="When User Navigate to LogIn Page" time="0"/>
  <testcase classname="| tetingaccoun@gmail.com | Testing@123 |" name="And User enters &quot;tetingaccoun@gmail.com&quot; and &quot;Testing@123&quot;" time="0"/>
  <testcase classname="| tetingaccoun@gmail.com | Testing@123 |" name="Then Message displayed Login Successfully" time="0"/>
  <testcase classname="| tetingaccoun@gmail.com | Testing@123 |" name="| tetingaccoun@gmail.com | Testing@123 |" time="0"/>
</testsuite>